<?xml version="1.0" encoding="UTF-8"?><testsuite errors="0" failures="2" name="org.example.features.search.SearchByKeywordEmag" skipped="0" tests="4" time="54.51" timestamp="2023-05-20 05:24:08"><testcase classname="org.example.features.search.SearchByKeywordEmag" name="Search emag by keyword test DDT"><failure type="java.lang.AssertionError"/><system-err>null&#13;
org.example.steps.serenity.EndUserStepsEmag.should_see_products(EndUserStepsEmag.java:21)&#13;
org.example.features.search.SearchByKeywordEmag.searchEmagByKeywordTestDDT(SearchByKeywordEmag.java:56)&#13;
</system-err></testcase></testsuite>